#
# There is insufficient memory for the Java Runtime Environment to continue.
# Native memory allocation (malloc) failed to allocate 1048576 bytes for AllocateHeap
# Possible reasons:
#   The system is out of physical RAM or swap space
#   In 32 bit mode, the process size limit was hit
# Possible solutions:
#   Reduce memory load on the system
#   Increase physical memory or swap space
#   Check if swap backing store is full
#   Use 64 bit Java on a 64 bit OS
#   Decrease Java heap size (-Xmx/-Xms)
#   Decrease number of Java threads
#   Decrease Java thread stack sizes (-Xss)
#   Set larger code cache with -XX:ReservedCodeCacheSize=
# This output file may be truncated or incomplete.
#
#  Out of Memory Error (memory/allocation.inline.hpp:61), pid=21196, tid=0x0000000000006654
#
# JRE version:  (8.0_191-b12) (build )
# Java VM: Java HotSpot(TM) 64-Bit Server VM (25.191-b12 mixed mode windows-amd64 compressed oops)
# Failed to write core dump. Minidumps are not enabled by default on client versions of Windows
#

---------------  T H R E A D  ---------------

Current thread (0x000000000250e800):  JavaThread "Unknown thread" [_thread_in_vm, id=26196, stack(0x00000000023d0000,0x00000000024d0000)]

Stack: [0x00000000023d0000,0x00000000024d0000]
[error occurred during error reporting (printing stack bounds), id 0xc0000005]

Native frames: (J=compiled Java code, j=interpreted, Vv=VM code, C=native code)


---------------  P R O C E S S  ---------------

Java Threads: ( => current thread )

Other Threads:

=>0x000000000250e800 (exited) JavaThread "Unknown thread" [_thread_in_vm, id=26196, stack(0x00000000023d0000,0x00000000024d0000)]

VM state:not at safepoint (normal execution)

VM Mutex/Monitor currently owned by a thread: None

Heap:
 PSYoungGen      total 37888K, used 655K [0x00000000d6000000, 0x00000000d8a00000, 0x0000000100000000)
  eden space 32768K, 2% used [0x00000000d6000000,0x00000000d60a3d80,0x00000000d8000000)
  from space 5120K, 0% used [0x00000000d8500000,0x00000000d8500000,0x00000000d8a00000)
  to   space 5120K, 0% used [0x00000000d8000000,0x00000000d8000000,0x00000000d8500000)
 ParOldGen       total 86016K, used 0K [0x0000000082000000, 0x0000000087400000, 0x00000000d6000000)
  object space 86016K, 0% used [0x0000000082000000,0x0000000082000000,0x0000000087400000)
 Metaspace       used 751K, capacity 4480K, committed 4480K, reserved 1056768K
  class space    used 76K, capacity 384K, committed 384K, reserved 1048576K

Card table byte_map: [0x00000000119d0000,0x0000000011dd0000] byte_map_base: 0x00000000115c0000

Marking Bits: (ParMarkBitMap*) 0x0000000061ba3e30
 Begin Bits: [0x0000000012870000, 0x00000000147f0000)
 End Bits:   [0x00000000147f0000, 0x0000000016770000)

Polling page: 0x00000000001f0000

CodeCache: size=245760Kb used=328Kb max_used=328Kb free=245431Kb
 bounds [0x0000000002610000, 0x0000000002880000, 0x0000000011610000]
 total_blobs=58 nmethods=0 adapters=38
 compilation: enabled

Compilation events (0 events):
No events

GC Heap History (0 events):
No events

Deoptimization events (0 events):
No events

Classes redefined (0 events):
No events

Internal exceptions (0 events):
No events

Events (10 events):
Event: 0.109 loading class java/lang/Short
Event: 0.109 loading class java/lang/Short done
Event: 0.109 loading class java/lang/Integer
Event: 0.109 loading class java/lang/Integer done
Event: 0.109 loading class java/lang/Long
Event: 0.109 loading class java/lang/Long done
Event: 0.110 loading class java/lang/NullPointerException
Event: 0.110 loading class java/lang/NullPointerException done
Event: 0.110 loading class java/lang/ArithmeticException
Event: 0.110 loading class java/lang/ArithmeticException done


Dynamic libraries:
0x00007ff6ef570000 - 0x00007ff6ef5a7000 	C:\Program Files\Java\jre1.8.0_191\bin\javaw.exe
0x00007ffb6e380000 - 0x00007ffb6e561000 	C:\Windows\SYSTEM32\ntdll.dll
0x00007ffb6b9b0000 - 0x00007ffb6ba62000 	C:\Windows\System32\KERNEL32.DLL
0x00007ffb6ad60000 - 0x00007ffb6afd3000 	C:\Windows\System32\KERNELBASE.dll
0x00007ffb6c950000 - 0x00007ffb6c9f1000 	C:\Windows\System32\ADVAPI32.dll
0x00007ffb6ba70000 - 0x00007ffb6bb0e000 	C:\Windows\System32\msvcrt.dll
0x00007ffb6c2f0000 - 0x00007ffb6c34b000 	C:\Windows\System32\sechost.dll
0x00007ffb6cb50000 - 0x00007ffb6cc74000 	C:\Windows\System32\RPCRT4.dll
0x00007ffb6c090000 - 0x00007ffb6c220000 	C:\Windows\System32\USER32.dll
0x00007ffb6a800000 - 0x00007ffb6a820000 	C:\Windows\System32\win32u.dll
0x00007ffb6ca30000 - 0x00007ffb6ca58000 	C:\Windows\System32\GDI32.dll
0x00007ffb6a870000 - 0x00007ffb6aa02000 	C:\Windows\System32\gdi32full.dll
0x00007ffb6b060000 - 0x00007ffb6b0ff000 	C:\Windows\System32\msvcp_win.dll
0x00007ffb6aa10000 - 0x00007ffb6ab0a000 	C:\Windows\System32\ucrtbase.dll
0x00007ffb548a0000 - 0x00007ffb54b09000 	C:\Windows\WinSxS\amd64_microsoft.windows.common-controls_6595b64144ccf1df_6.0.17134.472_none_fb3f9af53068156d\COMCTL32.dll
0x00007ffb6bb10000 - 0x00007ffb6be32000 	C:\Windows\System32\combase.dll
0x00007ffb6afe0000 - 0x00007ffb6b05a000 	C:\Windows\System32\bcryptPrimitives.dll
0x00007ffb6ca00000 - 0x00007ffb6ca2d000 	C:\Windows\System32\IMM32.DLL
0x00000000611b0000 - 0x0000000061282000 	C:\Program Files\Java\jre1.8.0_191\bin\msvcr100.dll
0x0000000061380000 - 0x0000000061c24000 	C:\Program Files\Java\jre1.8.0_191\bin\server\jvm.dll
0x00007ffb6bec0000 - 0x00007ffb6bec8000 	C:\Windows\System32\PSAPI.DLL
0x00007ffb5f150000 - 0x00007ffb5f15a000 	C:\Windows\SYSTEM32\VERSION.dll
0x00007ffb66f30000 - 0x00007ffb66f39000 	C:\Windows\SYSTEM32\WSOCK32.dll
0x00007ffb54120000 - 0x00007ffb54143000 	C:\Windows\SYSTEM32\WINMM.dll
0x00007ffb6c280000 - 0x00007ffb6c2ec000 	C:\Windows\System32\WS2_32.dll
0x00007ffb53c30000 - 0x00007ffb53c5a000 	C:\Windows\SYSTEM32\winmmbase.dll
0x00007ffb6a820000 - 0x00007ffb6a869000 	C:\Windows\System32\cfgmgr32.dll
0x0000000061370000 - 0x000000006137f000 	C:\Program Files\Java\jre1.8.0_191\bin\verify.dll
0x0000000061340000 - 0x0000000061369000 	C:\Program Files\Java\jre1.8.0_191\bin\java.dll
0x0000000061320000 - 0x0000000061336000 	C:\Program Files\Java\jre1.8.0_191\bin\zip.dll

VM Arguments:
jvm_args: -Dfile.encoding=Cp1255 
java_command: giraffeController.MainController
java_class_path (initial): C:\Users\user\eclipse-workspace\pacmanGiraffeOLDHaj\bin;C:\Users\user\.p2\pool\plugins\org.junit.jupiter.api_5.1.0.v20180327-1502.jar;C:\Users\user\.p2\pool\plugins\org.junit.jupiter.engine_5.1.0.v20180327-1502.jar;C:\Users\user\.p2\pool\plugins\org.junit.jupiter.migrationsupport_5.1.0.v20180327-1502.jar;C:\Users\user\.p2\pool\plugins\org.junit.jupiter.params_5.1.0.v20180327-1502.jar;C:\Users\user\.p2\pool\plugins\org.junit.platform.commons_1.1.0.v20180327-1502.jar;C:\Users\user\.p2\pool\plugins\org.junit.platform.engine_1.1.0.v20180327-1502.jar;C:\Users\user\.p2\pool\plugins\org.junit.platform.launcher_1.1.0.v20180327-1502.jar;C:\Users\user\.p2\pool\plugins\org.junit.platform.runner_1.1.0.v20180327-1502.jar;C:\Users\user\.p2\pool\plugins\org.junit.platform.suite.api_1.1.0.v20180327-1502.jar;C:\Users\user\.p2\pool\plugins\org.junit.vintage.engine_5.1.0.v20180327-1502.jar;C:\Users\user\.p2\pool\plugins\org.opentest4j_1.0.0.v20180327-1502.jar;C:\Users\user\.p2\pool\plugins\org.apiguardian_1.0.0.v20180327-1502.jar;C:\Users\user\.p2\pool\plugins\org.junit_4.12.0.v201504281640\junit.jar;C:\Users\user\.p2\pool\plugins\org.hamcrest.core_1.3.0.v20180420-1519.jar;C:\Users\user\eclipse-workspace\pacmanGiraffeOLDHaj\miglayout15-swing.jar;C:\Users\user\eclipse-workspace\pacmanGiraffeOLDHaj\src\resourcesFile\json-simple-1.1.jar
Launcher Type: SUN_STANDARD

Environment Variables:
JAVA_HOME=C:\Program Files\Java\jdk1.7.0_21
PATH=C:/Program Files/Java/jre1.8.0_191/bin/server;C:/Program Files/Java/jre1.8.0_191/bin;C:/Program Files/Java/jre1.8.0_191/lib/amd64;C:\Program Files (x86)\Common Files\Oracle\Java\javapath;C:\Windows\system32;C:\Windows;C:\Windows\System32\Wbem;C:\Windows\System32\WindowsPowerShell\v1.0\;C:\Windows\System32\OpenSSH\;C:\Program Files\Microsoft SQL Server\Client SDK\ODBC\130\Tools\Binn\;C:\Program Files (x86)\Microsoft SQL Server\140\Tools\Binn\;C:\Program Files\Microsoft SQL Server\140\Tools\Binn\;C:\Program Files\Microsoft SQL Server\140\DTS\Binn\;C:\Program Files (x86)\Microsoft SQL Server\Client SDK\ODBC\130\Tools\Binn\;C:\Program Files (x86)\Microsoft SQL Server\140\DTS\Binn\;C:\Program Files (x86)\Microsoft SQL Server\140\Tools\Binn\ManagementStudio\;C:\Program Files\Microsoft SQL Server\130\Tools\Binn\;C:\Program Files\dotnet\;C:\Users\user\AppData\Local\Microsoft\WindowsApps;C:\Users\user\AppData\Local\atom\bin;C:\Users\user\Desktop;
USERNAME=user
OS=Windows_NT
PROCESSOR_IDENTIFIER=Intel64 Family 6 Model 142 Stepping 10, GenuineIntel



---------------  S Y S T E M  ---------------

OS: Windows 10.0 , 64 bit Build 17134 (10.0.17134.1)

CPU:total 8 (initial active 8) (4 cores per cpu, 2 threads per core) family 6 model 142 stepping 10, cmov, cx8, fxsr, mmx, sse, sse2, sse3, ssse3, sse4.1, sse4.2, popcnt, avx, avx2, aes, clmul, erms, 3dnowpref, lzcnt, ht, tsc, tscinvbit, bmi1, bmi2, adx

Memory: 4k page, physical 8251788k(698960k free), swap 33417612k(5372k free)

vm_info: Java HotSpot(TM) 64-Bit Server VM (25.191-b12) for windows-amd64 JRE (1.8.0_191-b12), built on Oct  6 2018 09:29:03 by "java_re" with MS VC++ 10.0 (VS2010)

time: Mon Dec 31 14:01:12 2018
elapsed time: 0 seconds (0d 0h 0m 0s)

